#
# An unexpected error has been detected by Java Runtime Environment:
#
#  EXCEPTION_ACCESS_VIOLATION (0xc0000005) at pc=0x77b89c21, pid=6564, tid=5128
#
# Java VM: Java HotSpot(TM) Client VM (11.2-b01 mixed mode windows-x86)
# Problematic frame:
# C  [ntdll.dll+0x59c21]
#
# If you would like to submit a bug report, please visit:
#   http://java.sun.com/webapps/bugreport/crash.jsp
# The crash happened outside the Java Virtual Machine in native code.
# See problematic frame for where to report the bug.
#

---------------  T H R E A D  ---------------

Current thread (0x066d2c00):  JavaThread "main" [_thread_in_native, id=5128, stack(0x00430000,0x00c30000)]

siginfo: ExceptionCode=0xc0000005, reading address 0xffffffff

Registers:
EAX=0xfffffff8, EBX=0x00000000, ECX=0x00000008, EDX=0x00001408
ESP=0x00c29efc, EBP=0x00c29f04, ESI=0x06620000, EDI=0x79cd34e4
EIP=0x77b89c21, EFLAGS=0x00010282

Top of Stack: (sp=0x00c29efc)
0x00c29efc:   00c2a004 79d135a4 00c29f50 7bfc20d6
0x00c29f0c:   06620000 00000000 00000000 79cd34e4
0x00c29f1c:   79d135a4 00c2a004 12020560 79cd34e4
0x00c29f2c:   7c00b348 00c2a04c 066d2c00 00c29f18
0x00c29f3c:   00c29b08 00c29f7c 7bfc240d 7bffa368
0x00c29f4c:   ffffffff 00c29f8c 7bfcc0b4 00000000
0x00c29f5c:   79cd34e4 00000003 00c2a004 00c29ff8
0x00c29f6c:   066d2c00 00c29f8c 00c29f5c 00c29b08 

Instructions: (pc=0x77b89c21)
0x77b89c11:   02 00 8b 45 10 a8 07 0f 85 57 f7 02 00 83 c0 f8
0x77b89c21:   80 78 07 05 0f 84 33 f7 02 00 f6 40 07 3f 0f 84 


Stack: [0x00430000,0x00c30000],  sp=0x00c29efc,  free space=8167k
Native frames: (J=compiled Java code, j=interpreted, Vv=VM code, C=native code)
C  [ntdll.dll+0x59c21]
C  [MSVCR71.dll+0x20d6]
C  [MSVCR71.dll+0xc0b4]
V  [jvm.dll+0x1c8b74]

Java frames: (J=compiled Java code, j=interpreted, Vv=VM code)
j  com.mathworks.jmi.NativeMatlab.SendMatlabMessage(Ljava/lang/Object;)Ljava/lang/Object;+0
j  com.mathworks.jmi.NativeMatlab.sendMatlabMessage(Ljava/lang/Object;)Ljava/lang/Object;+22
j  com.mathworks.jmi.MatlabLooper.sendMatlabMessage(Lcom/mathworks/services/message/MWMessage;)Ljava/lang/Object;+20
j  com.mathworks.jmi.Matlab.mtFevalConsoleOutput(Ljava/lang/String;[Ljava/lang/Object;I)Ljava/lang/Object;+58
j  com.mathworks.mde.desk.MLDesktop$9.run()V+14
j  com.mathworks.jmi.NativeMatlab.dispatchMTRequests(Z)V+50
v  ~StubRoutines::call_stub

---------------  P R O C E S S  ---------------

Java Threads: ( => current thread )
  0x0fbadc00 JavaThread "Foxtrot Single Worker Thread #1" daemon [_thread_blocked, id=4500, stack(0x045b0000,0x04630000)]
  0x0fbad000 JavaThread "Thread-61" [_thread_in_native, id=3440, stack(0x21da0000,0x225a0000)]
  0x0f9eb800 JavaThread "Active Reference Queue Daemon" daemon [_thread_blocked, id=4484, stack(0x1cc80000,0x1cd00000)]
  0x0f9ea000 JavaThread "Timer-7" daemon [_thread_blocked, id=2848, stack(0x1ca80000,0x1cb00000)]
  0x0f9e9800 JavaThread "Timer-6" daemon [_thread_blocked, id=4352, stack(0x1c920000,0x1c9a0000)]
  0x0f9e8400 JavaThread "Prefs Updater" daemon [_thread_blocked, id=5608, stack(0x1c8a0000,0x1c920000)]
  0x0f98e000 JavaThread "Timer-1" [_thread_blocked, id=7508, stack(0x0a510000,0x0a590000)]
  0x0f771c00 JavaThread "TimerQueue" daemon [_thread_blocked, id=4188, stack(0x0a490000,0x0a510000)]
  0x09c4a000 JavaThread "AWT-Windows" daemon [_thread_in_native, id=5496, stack(0x09dc0000,0x09e40000)]
  0x09c3f400 JavaThread "Java2D Disposer" daemon [_thread_blocked, id=3768, stack(0x09cc0000,0x09d40000)]
  0x07cfdc00 JavaThread "Timer-0" [_thread_blocked, id=5904, stack(0x07e10000,0x07e90000)]
  0x07c3a400 JavaThread "JMI Unnamed Thread" [_thread_in_native, id=3940, stack(0x05410000,0x05c10000)]
  0x0677e800 JavaThread "Low Memory Detector" daemon [_thread_blocked, id=6624, stack(0x07b90000,0x07c10000)]
  0x0677d800 JavaThread "CompilerThread0" daemon [_thread_blocked, id=4600, stack(0x0d850000,0x0e050000)]
  0x0676f800 JavaThread "Attach Listener" daemon [_thread_blocked, id=4044, stack(0x07b10000,0x07b90000)]
  0x06757c00 JavaThread "Finalizer" daemon [_thread_blocked, id=1552, stack(0x07a90000,0x07b10000)]
  0x06753400 JavaThread "Reference Handler" daemon [_thread_blocked, id=7476, stack(0x07a10000,0x07a90000)]
=>0x066d2c00 JavaThread "main" [_thread_in_native, id=5128, stack(0x00430000,0x00c30000)]

Other Threads:
  0x0674e800 VMThread [stack: 0x0d050000,0x0d850000] [id=5828]
  0x06787800 WatcherThread [stack: 0x0e050000,0x0e850000] [id=2128]

VM state:not at safepoint (normal execution)

VM Mutex/Monitor currently owned by a thread: None

Heap
 def new generation   total 18496K, used 3582K [0x10020000, 0x11430000, 0x12020000)
  eden space 16448K,   9% used [0x10020000, 0x1019f950, 0x11030000)
  from space 2048K, 100% used [0x11030000, 0x11230000, 0x11230000)
  to   space 2048K,   0% used [0x11230000, 0x11230000, 0x11430000)
 tenured generation   total 61476K, used 38173K [0x12020000, 0x15c29000, 0x18020000)
   the space 61476K,  62% used [0x12020000, 0x145677f8, 0x14567800, 0x15c29000)
 compacting perm gen  total 37120K, used 37028K [0x18020000, 0x1a460000, 0x1c020000)
   the space 37120K,  99% used [0x18020000, 0x1a449058, 0x1a449200, 0x1a460000)
No shared spaces configured.

Dynamic libraries:
0x00400000 - 0x00425000 	C:\Program Files\MATLAB\R2010a\bin\win32\MATLAB.exe
0x77b30000 - 0x77c6c000 	C:\Windows\SYSTEM32\ntdll.dll
0x76010000 - 0x760e4000 	C:\Windows\system32\kernel32.dll
0x75d30000 - 0x75d7a000 	C:\Windows\system32\KERNELBASE.dll
0x7b940000 - 0x7b9ec000 	C:\Program Files\MATLAB\R2010a\bin\win32\libut.dll
0x775f0000 - 0x7761a000 	C:\Windows\system32\imagehlp.dll
0x77640000 - 0x776ec000 	C:\Windows\system32\msvcrt.dll
0x76370000 - 0x76375000 	C:\Windows\system32\PSAPI.DLL
0x7bfa0000 - 0x7bfbf000 	C:\Program Files\MATLAB\R2010a\bin\win32\LIBEXPAT.dll
0x72640000 - 0x726db000 	C:\Windows\WinSxS\x86_microsoft.vc80.crt_1fc8b3b9a1e18e3b_8.0.50727.5592_none_d09196c24426e2d4\MSVCR80.dll
0x7bd50000 - 0x7be38000 	C:\Program Files\MATLAB\R2010a\bin\win32\icuuc40.dll
0x77cc0000 - 0x77d60000 	C:\Windows\system32\ADVAPI32.dll
0x77910000 - 0x77929000 	C:\Windows\SYSTEM32\sechost.dll
0x77a80000 - 0x77b21000 	C:\Windows\system32\RPCRT4.dll
0x7b4b0000 - 0x7b4b4000 	C:\Program Files\MATLAB\R2010a\bin\win32\icudt40.dll
0x7b4c0000 - 0x7b4cc000 	C:\Program Files\MATLAB\R2010a\bin\win32\icuio40.dll
0x7b670000 - 0x7b768000 	C:\Program Files\MATLAB\R2010a\bin\win32\icuin40.dll
0x00230000 - 0x002b7000 	C:\Windows\WinSxS\x86_microsoft.vc80.crt_1fc8b3b9a1e18e3b_8.0.50727.5592_none_d09196c24426e2d4\MSVCP80.dll
0x774c0000 - 0x77589000 	C:\Windows\system32\USER32.dll
0x77a30000 - 0x77a7e000 	C:\Windows\system32\GDI32.dll
0x76230000 - 0x7623a000 	C:\Windows\system32\LPK.dll
0x772c0000 - 0x7735d000 	C:\Windows\system32\USP10.dll
0x78770000 - 0x787ee000 	C:\Program Files\MATLAB\R2010a\bin\win32\libmwfl.dll
0x7d160000 - 0x7d16e000 	C:\Program Files\MATLAB\R2010a\bin\win32\boost_date_time-vc80-mt-1_36.dll
0x7d330000 - 0x7d346000 	C:\Program Files\MATLAB\R2010a\bin\win32\boost_filesystem-vc80-mt-1_36.dll
0x7c500000 - 0x7c507000 	C:\Program Files\MATLAB\R2010a\bin\win32\boost_system-vc80-mt-1_36.dll
0x7d050000 - 0x7d060000 	C:\Program Files\MATLAB\R2010a\bin\win32\boost_signals-vc80-mt-1_36.dll
0x7b4a0000 - 0x7b4ac000 	C:\Program Files\MATLAB\R2010a\bin\win32\boost_thread-vc80-mt-1_36.dll
0x7ba50000 - 0x7bc63000 	C:\Program Files\MATLAB\R2010a\bin\win32\libmwservices.dll
0x7b9f0000 - 0x7ba4d000 	C:\Program Files\MATLAB\R2010a\bin\win32\libmx.dll
0x78c90000 - 0x78ca3000 	C:\Program Files\MATLAB\R2010a\bin\win32\zlib1.dll
0x7bc70000 - 0x7bd47000 	C:\Program Files\MATLAB\R2010a\bin\win32\libmwmathutil.dll
0x79e30000 - 0x79e6a000 	C:\Program Files\MATLAB\R2010a\bin\win32\mpath.dll
0x7c0a0000 - 0x7c166000 	C:\Program Files\MATLAB\R2010a\bin\win32\mlutil.dll
0x7cfb0000 - 0x7d00e000 	C:\Program Files\MATLAB\R2010a\bin\win32\xmlcore.dll
0x79720000 - 0x798e2000 	C:\Program Files\MATLAB\R2010a\bin\win32\xerces-c_2_7.dll
0x77c80000 - 0x77cb5000 	C:\Windows\system32\WS2_32.dll
0x76240000 - 0x76246000 	C:\Windows\system32\NSI.dll
0x76380000 - 0x76fca000 	C:\Windows\system32\SHELL32.dll
0x77060000 - 0x770b7000 	C:\Windows\system32\SHLWAPI.dll
0x78720000 - 0x7874e000 	C:\Program Files\MATLAB\R2010a\bin\win32\tbb.dll
0x00c30000 - 0x00cb4000 	C:\Windows\WinSxS\x86_microsoft.windows.common-controls_6595b64144ccf1df_5.82.7601.17514_none_ec83dffa859149af\COMCTL32.dll
0x77890000 - 0x7790b000 	C:\Windows\system32\comdlg32.dll
0x73920000 - 0x73931000 	C:\Windows\system32\NETAPI32.dll
0x754c0000 - 0x754c9000 	C:\Windows\system32\netutils.dll
0x759d0000 - 0x759e9000 	C:\Windows\system32\srvcli.dll
0x73910000 - 0x7391f000 	C:\Windows\system32\wkscli.dll
0x7a0e0000 - 0x7a144000 	C:\Program Files\MATLAB\R2010a\bin\win32\mcr.dll
0x7e890000 - 0x7e8a9000 	C:\Program Files\MATLAB\R2010a\bin\win32\libmwi18n.dll
0x7b4d0000 - 0x7b539000 	C:\Program Files\MATLAB\R2010a\bin\win32\iqm.dll
0x7a6c0000 - 0x7ab7b000 	C:\Program Files\MATLAB\R2010a\bin\win32\m_interpreter.dll
0x7b550000 - 0x7b561000 	C:\Program Files\MATLAB\R2010a\bin\win32\libmex.dll
0x79fb0000 - 0x7a017000 	C:\Program Files\MATLAB\R2010a\bin\win32\m_dispatcher.dll
0x7d280000 - 0x7d31d000 	C:\Program Files\MATLAB\R2010a\bin\win32\boost_regex-vc80-mt-1_36.dll
0x79ec0000 - 0x79f1b000 	C:\Program Files\MATLAB\R2010a\bin\win32\profiler.dll
0x7b5d0000 - 0x7b5f2000 	C:\Program Files\MATLAB\R2010a\bin\win32\libmwmathrng.dll
0x78c00000 - 0x78c12000 	C:\Program Files\MATLAB\R2010a\bin\win32\m_pcodeio.dll
0x79df0000 - 0x79e27000 	C:\Program Files\MATLAB\R2010a\bin\win32\m_ir.dll
0x7a1d0000 - 0x7a6bd000 	C:\Program Files\MATLAB\R2010a\bin\win32\m_parser.dll
0x7b540000 - 0x7b54e000 	C:\Program Files\MATLAB\R2010a\bin\win32\ir_xfmr.dll
0x787f0000 - 0x7894e000 	C:\Program Files\MATLAB\R2010a\bin\win32\mcos.dll
0x7b610000 - 0x7b61a000 	C:\Program Files\MATLAB\R2010a\bin\win32\mtok.dll
0x78be0000 - 0x78bfa000 	C:\Program Files\MATLAB\R2010a\bin\win32\m_pcodegen.dll
0x7e810000 - 0x7e844000 	C:\Program Files\MATLAB\R2010a\bin\win32\libmwspmatrix.dll
0x7e850000 - 0x7e871000 	C:\Program Files\MATLAB\R2010a\bin\win32\libmwbridge.dll
0x7b180000 - 0x7b209000 	C:\Program Files\MATLAB\R2010a\bin\win32\udd.dll
0x7be40000 - 0x7bf3f000 	C:\Program Files\MATLAB\R2010a\bin\win32\libmwgui.dll
0x78cf0000 - 0x7914f000 	C:\Program Files\MATLAB\R2010a\bin\win32\hg.dll
0x78b60000 - 0x78b92000 	C:\Program Files\MATLAB\R2010a\bin\win32\libmat.dll
0x7b770000 - 0x7b939000 	C:\Program Files\MATLAB\R2010a\bin\win32\libhdf5.dll
0x79d40000 - 0x79d96000 	C:\Program Files\MATLAB\R2010a\bin\win32\jmi.dll
0x79a40000 - 0x79a70000 	C:\Program Files\MATLAB\R2010a\bin\win32\libmwhardcopy.dll
0x79da0000 - 0x79de3000 	C:\Program Files\MATLAB\R2010a\bin\win32\libuij.dll
0x78630000 - 0x7871f000 	C:\Program Files\MATLAB\R2010a\bin\win32\hgdatatypes.dll
0x785c0000 - 0x78628000 	C:\Program Files\MATLAB\R2010a\bin\win32\hgutils.dll
0x78ba0000 - 0x78bd4000 	C:\Program Files\MATLAB\R2010a\bin\win32\libmwlapack.dll
0x7b580000 - 0x7b58e000 	C:\Program Files\MATLAB\R2010a\bin\win32\libmwbinder.dll
0x7b210000 - 0x7b492000 	C:\Program Files\MATLAB\R2010a\bin\win32\uiw.dll
0x7b660000 - 0x7b669000 	C:\Program Files\MATLAB\R2010a\bin\win32\uinone.dll
0x00e40000 - 0x00f4f000 	C:\Windows\WinSxS\x86_microsoft.vc80.mfc_1fc8b3b9a1e18e3b_8.0.50727.5592_none_cbf62b764709d1c9\MFC80.DLL
0x727d0000 - 0x72821000 	C:\Windows\system32\WINSPOOL.DRV
0x77360000 - 0x774bc000 	C:\Windows\system32\ole32.dll
0x75f80000 - 0x7600f000 	C:\Windows\system32\OLEAUT32.dll
0x7a150000 - 0x7a1cc000 	C:\Program Files\MATLAB\R2010a\bin\win32\udd_mi.dll
0x78c20000 - 0x78c37000 	C:\Program Files\MATLAB\R2010a\bin\win32\mwoles05.DLL
0x79e70000 - 0x79eb9000 	C:\Program Files\MATLAB\R2010a\bin\win32\comcli.dll
0x70aa0000 - 0x70abb000 	C:\Windows\WinSxS\x86_microsoft.vc80.atl_1fc8b3b9a1e18e3b_8.0.50727.5592_none_d1cb520e4353d918\ATL80.DLL
0x7b600000 - 0x7b60b000 	C:\Program Files\MATLAB\R2010a\bin\win32\mlautoregister.dll
0x77620000 - 0x7763f000 	C:\Windows\system32\IMM32.DLL
0x762a0000 - 0x7636c000 	C:\Windows\system32\MSCTF.dll
0x75c80000 - 0x75c8b000 	C:\Windows\system32\profapi.dll
0x75bb0000 - 0x75bbc000 	C:\Windows\system32\CRYPTBASE.dll
0x74ac0000 - 0x74b00000 	C:\Windows\system32\uxtheme.dll
0x10000000 - 0x10013000 	C:\Program Files\DisplayFusion\Hooks\DisplayFusionHookx86_408E3ED8-7046-4C7A-A17B-78DC06F1BC2B.dll
0x74bc0000 - 0x74d5e000 	C:\Windows\WinSxS\x86_microsoft.windows.common-controls_6595b64144ccf1df_6.0.7601.17514_none_41e6975e2bd6f2b2\comctl32.dll
0x776f0000 - 0x7788d000 	C:\Windows\system32\SETUPAPI.dll
0x75f50000 - 0x75f77000 	C:\Windows\system32\CFGMGR32.dll
0x75d80000 - 0x75d92000 	C:\Windows\system32\DEVOBJ.dll
0x76fd0000 - 0x77053000 	C:\Windows\system32\CLBCatQ.DLL
0x749a0000 - 0x74a95000 	C:\Windows\system32\propsys.dll
0x74780000 - 0x747a1000 	C:\Windows\system32\ntmarta.dll
0x76250000 - 0x76295000 	C:\Windows\system32\WLDAP32.dll
0x70ad0000 - 0x70ad3000 	C:\Windows\system32\icmp.Dll
0x73490000 - 0x734ac000 	C:\Windows\system32\iphlpapi.DLL
0x73480000 - 0x73487000 	C:\Windows\system32\WINNSI.DLL
0x75b90000 - 0x75bab000 	C:\Windows\system32\SspiCli.dll
0x74ab0000 - 0x74ac0000 	C:\Windows\system32\NLAapi.dll
0x72cd0000 - 0x72ce0000 	C:\Windows\system32\napinsp.dll
0x72c90000 - 0x72ca2000 	C:\Windows\system32\pnrpnsp.dll
0x72cb0000 - 0x72cbd000 	C:\Windows\system32\wshbth.dll
0x756f0000 - 0x7572c000 	C:\Windows\System32\mswsock.dll
0x755b0000 - 0x755f4000 	C:\Windows\system32\DNSAPI.dll
0x729c0000 - 0x729c8000 	C:\Windows\System32\winrnr.dll
0x73300000 - 0x73338000 	C:\Windows\System32\fwpuclnt.dll
0x72f60000 - 0x72f66000 	C:\Windows\system32\rasadhlp.dll
0x75200000 - 0x75205000 	C:\Windows\System32\wshtcpip.dll
0x73410000 - 0x7341d000 	C:\Windows\system32\dhcpcsvc6.DLL
0x73280000 - 0x73292000 	C:\Windows\system32\dhcpcsvc.DLL
0x79ae0000 - 0x79d36000 	C:\Program Files\MATLAB\R2010a\sys\java\jre\win32\jre\bin\client\jvm.dll
0x74500000 - 0x74532000 	C:\Windows\system32\WINMM.dll
0x7bfc0000 - 0x7c016000 	C:\Program Files\MATLAB\R2010a\bin\win32\MSVCR71.dll
0x75c20000 - 0x75c6c000 	C:\Windows\system32\apphelp.dll
0x73e20000 - 0x73e33000 	C:\Windows\system32\dwmapi.dll
0x06530000 - 0x0661b000 	C:\Windows\system32\dbghelp.dll
0x79f70000 - 0x79f78000 	C:\Program Files\MATLAB\R2010a\sys\java\jre\win32\jre\bin\hpi.dll
0x79f90000 - 0x79f9c000 	C:\Program Files\MATLAB\R2010a\sys\java\jre\win32\jre\bin\verify.dll
0x78cb0000 - 0x78ccf000 	C:\Program Files\MATLAB\R2010a\sys\java\jre\win32\jre\bin\java.dll
0x79fa0000 - 0x79faf000 	C:\Program Files\MATLAB\R2010a\sys\java\jre\win32\jre\bin\zip.dll

VM Arguments:
jvm_args: -Xss512k -XX:PermSize=32m -Xms64m -XX:NewRatio=3 -XX:MaxPermSize=64m -Xmx128m -XX:MaxDirectMemorySize=1200000000 -Dsun.java2d.noddraw=true -Dsun.awt.nopixfmt=true -Xshare:off -Xrs -Djava.library.path=C:\Program Files\MATLAB\R2010a\bin\win32 vfprintf abort 
java_command: <unknown>
Launcher Type: generic

Environment Variables:
PATH=C:\Program Files\MATLAB\R2010a\sys\java\jre\win32\jre\bin;C:\Program Files\MATLAB\R2010a\sys\webrenderer\windows\corecomponents;C:\Program Files\MATLAB\R2010a\sys\webrenderer\windows;C:\Windows\system32;C:\Windows;C:\Windows\System32\Wbem;C:\Windows\System32\WindowsPowerShell\v1.0\;C:\Program Files\MATLAB\R2010a\runtime\win32;C:\Program Files\MATLAB\R2010a\bin;C:\Program Files\IVI Foundation\VISA\WinNT\Bin;C:\PROGRA~1\IVIFOU~1\VISA\WinNT\Bin
USERNAME=hannaas
OS=Windows_NT
PROCESSOR_IDENTIFIER=x86 Family 6 Model 23 Stepping 10, GenuineIntel



---------------  S Y S T E M  ---------------

OS: Windows NT 6.1 Build 7601 Service Pack 1

CPU:total 2 (2 cores per cpu, 1 threads per core) family 6 model 7 stepping 10, cmov, cx8, fxsr, mmx, sse, sse2, sse3, ssse3

Memory: 4k page, physical 3405408k(2131388k free), swap 4194303k(4194303k free)

vm_info: Java HotSpot(TM) Client VM (11.2-b01) for windows-x86 JRE (1.6.0_12-b04), built on Jan 17 2009 09:57:14 by "java_re" with MS VC++ 7.1

time: Thu Jun 02 21:29:04 2011
elapsed time: 712859 seconds

